<component name="libraryTable">
  <library name="junit-platform-commons-1.9.3 (1)">
    <CLASSES>
      <root url="jar://$USER_HOME$/Downloads/junit-platform-commons-1.9.3 (1).jar!/" />
    </CLASSES>
    <JAVADOC />
    <SOURCES />
  </library>
</component>